# JRE version: OpenJDK Runtime Environment (8.0_242-b01) (build 1.8.0_242-release-1644-b01)
# Java VM: OpenJDK 64-Bit Server VM (25.242-b01 mixed mode windows-amd64 compressed oops)
Heap:
 PSYoungGen      total 473088K, used 273105K [0x00000000e0000000, 0x00000000fff00000, 0x0000000100000000)
  eden space 428032K, 63% used [0x00000000e0000000,0x00000000f07ac418,0x00000000fa200000)
  from space 45056K, 6% used [0x00000000fa200000,0x00000000fa508000,0x00000000fce00000)
  to   space 45056K, 0% used [0x00000000fd300000,0x00000000fd300000,0x00000000fff00000)
 ParOldGen       total 200704K, used 95864K [0x00000000a0000000, 0x00000000ac400000, 0x00000000e0000000)
  object space 200704K, 47% used [0x00000000a0000000,0x00000000a5d9e018,0x00000000ac400000)
 Metaspace       used 113845K, capacity 120018K, committed 120320K, reserved 1153024K
  class space    used 14636K, capacity 15815K, committed 15872K, reserved 1048576K
GC Heap History (10 events):
Event: 291.854 GC heap before
{Heap before GC invocations=27 (full 4):
 PSYoungGen      total 472064K, used 419328K [0x00000000e0000000, 0x0000000100000000, 0x0000000100000000)
  eden space 419328K, 100% used [0x00000000e0000000,0x00000000f9980000,0x00000000f9980000)
  from space 52736K, 0% used [0x00000000fcc80000,0x00000000fcc80000,0x0000000100000000)
  to   space 52224K, 0% used [0x00000000f9980000,0x00000000f9980000,0x00000000fcc80000)
 ParOldGen       total 200704K, used 78263K [0x00000000a0000000, 0x00000000ac400000, 0x00000000e0000000)
  object space 200704K, 38% used [0x00000000a0000000,0x00000000a4c6dcf8,0x00000000ac400000)
 Metaspace       used 101676K, capacity 106550K, committed 106880K, reserved 1142784K
  class space    used 13110K, capacity 14093K, committed 14208K, reserved 1048576K
Event: 291.868 GC heap after
Heap after GC invocations=27 (full 4):
 PSYoungGen      total 439808K, used 19996K [0x00000000e0000000, 0x00000000ff980000, 0x0000000100000000)
  eden space 419328K, 0% used [0x00000000e0000000,0x00000000e0000000,0x00000000f9980000)
  from space 20480K, 97% used [0x00000000f9980000,0x00000000fad07088,0x00000000fad80000)
  to   space 49152K, 0% used [0x00000000fc980000,0x00000000fc980000,0x00000000ff980000)
 ParOldGen       total 200704K, used 78271K [0x00000000a0000000, 0x00000000ac400000, 0x00000000e0000000)
  object space 200704K, 38% used [0x00000000a0000000,0x00000000a4c6fcf8,0x00000000ac400000)
 Metaspace       used 101676K, capacity 106550K, committed 106880K, reserved 1142784K
  class space    used 13110K, capacity 14093K, committed 14208K, reserved 1048576K
}
Event: 1415.056 GC heap before
{Heap before GC invocations=28 (full 4):
 PSYoungGen      total 439808K, used 439324K [0x00000000e0000000, 0x00000000ff980000, 0x0000000100000000)
  eden space 419328K, 100% used [0x00000000e0000000,0x00000000f9980000,0x00000000f9980000)
  from space 20480K, 97% used [0x00000000f9980000,0x00000000fad07088,0x00000000fad80000)
  to   space 49152K, 0% used [0x00000000fc980000,0x00000000fc980000,0x00000000ff980000)
 ParOldGen       total 200704K, used 78271K [0x00000000a0000000, 0x00000000ac400000, 0x00000000e0000000)
  object space 200704K, 38% used [0x00000000a0000000,0x00000000a4c6fcf8,0x00000000ac400000)
 Metaspace       used 105193K, capacity 110596K, committed 110720K, reserved 1144832K
  class space    used 13549K, capacity 14638K, committed 14720K, reserved 1048576K
Event: 1415.093 GC heap after
Heap after GC invocations=28 (full 4):
 PSYoungGen      total 468992K, used 7250K [0x00000000e0000000, 0x0000000100000000, 0x0000000100000000)
  eden space 419840K, 0% used [0x00000000e0000000,0x00000000e0000000,0x00000000f9a00000)
  from space 49152K, 14% used [0x00000000fc980000,0x00000000fd094958,0x00000000ff980000)
  to   space 48640K, 0% used [0x00000000f9a00000,0x00000000f9a00000,0x00000000fc980000)
 ParOldGen       total 200704K, used 84007K [0x00000000a0000000, 0x00000000ac400000, 0x00000000e0000000)
  object space 200704K, 41% used [0x00000000a0000000,0x00000000a5209e88,0x00000000ac400000)
 Metaspace       used 105193K, capacity 110596K, committed 110720K, reserved 1144832K
  class space    used 13549K, capacity 14638K, committed 14720K, reserved 1048576K
}
Event: 1421.454 GC heap before
{Heap before GC invocations=29 (full 4):
 PSYoungGen      total 468992K, used 427090K [0x00000000e0000000, 0x0000000100000000, 0x0000000100000000)
  eden space 419840K, 100% used [0x00000000e0000000,0x00000000f9a00000,0x00000000f9a00000)
  from space 49152K, 14% used [0x00000000fc980000,0x00000000fd094958,0x00000000ff980000)
  to   space 48640K, 0% used [0x00000000f9a00000,0x00000000f9a00000,0x00000000fc980000)
 ParOldGen       total 200704K, used 84007K [0x00000000a0000000, 0x00000000ac400000, 0x00000000e0000000)
  object space 200704K, 41% used [0x00000000a0000000,0x00000000a5209e88,0x00000000ac400000)
 Metaspace       used 113182K, capacity 119322K, committed 119552K, reserved 1153024K
  class space    used 14620K, capacity 15803K, committed 15872K, reserved 1048576K
Event: 1421.492 GC heap after
Heap after GC invocations=29 (full 4):
 PSYoungGen      total 468480K, used 14501K [0x00000000e0000000, 0x00000000ffb80000, 0x0000000100000000)
  eden space 419840K, 0% used [0x00000000e0000000,0x00000000e0000000,0x00000000f9a00000)
  from space 48640K, 29% used [0x00000000f9a00000,0x00000000fa829538,0x00000000fc980000)
  to   space 46592K, 0% used [0x00000000fce00000,0x00000000fce00000,0x00000000ffb80000)
 ParOldGen       total 200704K, used 88885K [0x00000000a0000000, 0x00000000ac400000, 0x00000000e0000000)
  object space 200704K, 44% used [0x00000000a0000000,0x00000000a56cd7d0,0x00000000ac400000)
 Metaspace       used 113182K, capacity 119322K, committed 119552K, reserved 1153024K
  class space    used 14620K, capacity 15803K, committed 15872K, reserved 1048576K
}
Event: 1423.218 GC heap before
{Heap before GC invocations=30 (full 4):
 PSYoungGen      total 468480K, used 434341K [0x00000000e0000000, 0x00000000ffb80000, 0x0000000100000000)
  eden space 419840K, 100% used [0x00000000e0000000,0x00000000f9a00000,0x00000000f9a00000)
  from space 48640K, 29% used [0x00000000f9a00000,0x00000000fa829538,0x00000000fc980000)
  to   space 46592K, 0% used [0x00000000fce00000,0x00000000fce00000,0x00000000ffb80000)
 ParOldGen       total 200704K, used 88885K [0x00000000a0000000, 0x00000000ac400000, 0x00000000e0000000)
  object space 200704K, 44% used [0x00000000a0000000,0x00000000a56cd7d0,0x00000000ac400000)
 Metaspace       used 113603K, capacity 119810K, committed 120064K, reserved 1153024K
  class space    used 14633K, capacity 15813K, committed 15872K, reserved 1048576K
Event: 1423.240 GC heap after
Heap after GC invocations=30 (full 4):
 PSYoungGen      total 474112K, used 8969K [0x00000000e0000000, 0x00000000ffb00000, 0x0000000100000000)
  eden space 428032K, 0% used [0x00000000e0000000,0x00000000e0000000,0x00000000fa200000)
  from space 46080K, 19% used [0x00000000fce00000,0x00000000fd6c2678,0x00000000ffb00000)
  to   space 45056K, 0% used [0x00000000fa200000,0x00000000fa200000,0x00000000fce00000)
 ParOldGen       total 200704K, used 94258K [0x00000000a0000000, 0x00000000ac400000, 0x00000000e0000000)
  object space 200704K, 46% used [0x00000000a0000000,0x00000000a5c0cab8,0x00000000ac400000)
 Metaspace       used 113603K, capacity 119810K, committed 120064K, reserved 1153024K
  class space    used 14633K, capacity 15813K, committed 15872K, reserved 1048576K
}
Event: 1424.886 GC heap before
{Heap before GC invocations=31 (full 4):
 PSYoungGen      total 474112K, used 437001K [0x00000000e0000000, 0x00000000ffb00000, 0x0000000100000000)
  eden space 428032K, 100% used [0x00000000e0000000,0x00000000fa200000,0x00000000fa200000)
  from space 46080K, 19% used [0x00000000fce00000,0x00000000fd6c2678,0x00000000ffb00000)
  to   space 45056K, 0% used [0x00000000fa200000,0x00000000fa200000,0x00000000fce00000)
 ParOldGen       total 200704K, used 94258K [0x00000000a0000000, 0x00000000ac400000, 0x00000000e0000000)
  object space 200704K, 46% used [0x00000000a0000000,0x00000000a5c0cab8,0x00000000ac400000)
 Metaspace       used 113809K, capacity 119942K, committed 120064K, reserved 1153024K
  class space    used 14636K, capacity 15815K, committed 15872K, reserved 1048576K
Event: 1424.892 GC heap after
Heap after GC invocations=31 (full 4):
 PSYoungGen      total 473088K, used 3104K [0x00000000e0000000, 0x00000000fff00000, 0x0000000100000000)
  eden space 428032K, 0% used [0x00000000e0000000,0x00000000e0000000,0x00000000fa200000)
  from space 45056K, 6% used [0x00000000fa200000,0x00000000fa508000,0x00000000fce00000)
  to   space 45056K, 0% used [0x00000000fd300000,0x00000000fd300000,0x00000000fff00000)
 ParOldGen       total 200704K, used 95864K [0x00000000a0000000, 0x00000000ac400000, 0x00000000e0000000)
  object space 200704K, 47% used [0x00000000a0000000,0x00000000a5d9e018,0x00000000ac400000)
 Metaspace       used 113809K, capacity 119942K, committed 120064K, reserved 1153024K
  class space    used 14636K, capacity 15815K, committed 15872K, reserved 1048576K
}

